<?xml version="1.0" encoding="UTF-8"?>
<!-- Generated by org.testng.reporters.JUnitReportReporter -->
<testsuite skipped="0" hostname="Jyothsna" name="demo3.Testcases" tests="1" failures="0" timestamp="08 Jul 2019 05:30:35 GMT" time="1.177" errors="0">
  <testcase name="registration" time="1.177" classname="demo3.Testcases"/>
</testsuite> <!-- demo3.Testcases -->
